Removed Pin From Net: NetName=GND Pin=JP1-2
Removed Pin From Net: NetName=GND Pin=P1-1
Removed Pin From Net: NetName=NetC?_1 Pin=P1-2
Removed Pin From Net: NetName=GND Pin=P2-1
Removed Pin From Net: NetName=NetC?_1 Pin=P2-2
Removed Member From Class: ClassName=Sheet1 Member=JP1
Removed Member From Class: ClassName=Sheet1 Member=P1
Removed Member From Class: ClassName=Sheet1 Member=P2
Added Pin To Net: NetName=GND Pin=IC2-1
Added Pin To Net: NetName=GND Pin=IC3-2
Added Pin To Net: NetName=GND Pin=J1-2
Added Pin To Net: NetName=NetC?_1 Pin=T1-1
Added Pin To Net: NetName=GND Pin=T1-2
Added Pin To Net: NetName=GND Pin=T2-2
Added Pin To Net: NetName=NetC?_1 Pin=T2-3
Added Pin To Net: NetName=+5V Pin=C3-2
Added Pin To Net: NetName=+5V Pin=IC1-7
Added Pin To Net: NetName=+5V Pin=IC3-3
Added Pin To Net: NetName=+5V Pin=R1-2
Added Net: Name=+5V
Added Pin To Net: NetName=-5V Pin=C2-1
Added Pin To Net: NetName=-5V Pin=IC1-4
Added Pin To Net: NetName=-5V Pin=IC2-3
Added Pin To Net: NetName=-5V Pin=R3-1
Added Net: Name=-5V
Added Pin To Net: NetName=9V Pin=IC2-2
Added Pin To Net: NetName=9V Pin=IC3-1
Added Pin To Net: NetName=9V Pin=J1-1
Added Net: Name=9V
Added Pin To Net: NetName=NetR1_1 Pin=R1-1
Added Pin To Net: NetName=NetR1_1 Pin=T1-3
Added Net: Name=NetR1_1
Added Pin To Net: NetName=NetR3_2 Pin=R3-2
Added Pin To Net: NetName=NetR3_2 Pin=T2-1
Added Net: Name=NetR3_2
